<?xml version="1.0" encoding="UTF-8"?>
<!-- Generated by org.testng.reporters.JUnitReportReporter -->
<testsuite skipped="0" hostname="BDC11-L-8375QQ2" name="cookie_scan.cookie_scanner" tests="3" failures="0" timestamp="2020-09-11T15:46:01 IST" time="0.111" errors="0">
  <testcase name="test1" time="0.068" classname="cookie_scan.cookie_scanner"/>
  <testcase name="test2" time="0.017" classname="cookie_scan.cookie_scanner"/>
  <testcase name="test3" time="0.026" classname="cookie_scan.cookie_scanner"/>
</testsuite> <!-- cookie_scan.cookie_scanner -->
